{"/home/mavapa369/dev/frontend-bootcamp-project-46/src/index.js": {"path":"/home/mavapa369/dev/frontend-bootcamp-project-46/src/index.js","all":false,"statementMap":{"0":{"start":{"line":1,"column":0},"end":{"line":1,"column":23}},"1":{"start":{"line":2,"column":0},"end":{"line":2,"column":0}},"2":{"start":{"line":3,"column":0},"end":{"line":3,"column":39}},"3":{"start":{"line":4,"column":0},"end":{"line":4,"column":19}},"4":{"start":{"line":5,"column":0},"end":{"line":5,"column":32}},"5":{"start":{"line":6,"column":0},"end":{"line":6,"column":37}},"6":{"start":{"line":7,"column":0},"end":{"line":7,"column":0}},"7":{"start":{"line":8,"column":0},"end":{"line":8,"column":39}},"8":{"start":{"line":9,"column":0},"end":{"line":9,"column":39}},"9":{"start":{"line":10,"column":0},"end":{"line":10,"column":0}},"10":{"start":{"line":11,"column":0},"end":{"line":11,"column":52}},"11":{"start":{"line":12,"column":0},"end":{"line":12,"column":41}},"12":{"start":{"line":13,"column":0},"end":{"line":13,"column":2}},"13":{"start":{"line":14,"column":0},"end":{"line":14,"column":33}},"14":{"start":{"line":15,"column":0},"end":{"line":15,"column":80}},"15":{"start":{"line":16,"column":0},"end":{"line":16,"column":81}},"16":{"start":{"line":17,"column":0},"end":{"line":17,"column":103}},"17":{"start":{"line":18,"column":0},"end":{"line":18,"column":104}},"18":{"start":{"line":19,"column":0},"end":{"line":19,"column":0}},"19":{"start":{"line":20,"column":0},"end":{"line":20,"column":0}},"20":{"start":{"line":21,"column":0},"end":{"line":21,"column":24}},"21":{"start":{"line":22,"column":0},"end":{"line":22,"column":52}},"22":{"start":{"line":23,"column":0},"end":{"line":23,"column":5}},"23":{"start":{"line":24,"column":0},"end":{"line":24,"column":0}},"24":{"start":{"line":25,"column":0},"end":{"line":25,"column":25}},"25":{"start":{"line":26,"column":0},"end":{"line":26,"column":51}},"26":{"start":{"line":27,"column":0},"end":{"line":27,"column":5}},"27":{"start":{"line":28,"column":0},"end":{"line":28,"column":4}},"28":{"start":{"line":29,"column":0},"end":{"line":29,"column":21}},"29":{"start":{"line":30,"column":0},"end":{"line":30,"column":52}},"30":{"start":{"line":31,"column":0},"end":{"line":31,"column":5}},"31":{"start":{"line":32,"column":0},"end":{"line":32,"column":0}},"32":{"start":{"line":33,"column":0},"end":{"line":33,"column":22}},"33":{"start":{"line":34,"column":0},"end":{"line":34,"column":52}},"34":{"start":{"line":35,"column":0},"end":{"line":35,"column":51}},"35":{"start":{"line":36,"column":0},"end":{"line":36,"column":5}},"36":{"start":{"line":37,"column":0},"end":{"line":37,"column":3}},"37":{"start":{"line":38,"column":0},"end":{"line":38,"column":0}},"38":{"start":{"line":39,"column":0},"end":{"line":39,"column":47}},"39":{"start":{"line":40,"column":0},"end":{"line":40,"column":2}},"40":{"start":{"line":41,"column":0},"end":{"line":41,"column":16}},"41":{"start":{"line":42,"column":0},"end":{"line":42,"column":2}},"42":{"start":{"line":43,"column":0},"end":{"line":43,"column":0}},"43":{"start":{"line":44,"column":0},"end":{"line":44,"column":29}},"44":{"start":{"line":45,"column":0},"end":{"line":45,"column":66}},"45":{"start":{"line":46,"column":0},"end":{"line":46,"column":44}},"46":{"start":{"line":47,"column":0},"end":{"line":47,"column":93}},"47":{"start":{"line":48,"column":0},"end":{"line":48,"column":39}},"48":{"start":{"line":49,"column":0},"end":{"line":49,"column":34}},"49":{"start":{"line":50,"column":0},"end":{"line":50,"column":8}},"50":{"start":{"line":51,"column":0},"end":{"line":51,"column":0}},"51":{"start":{"line":52,"column":0},"end":{"line":52,"column":46}},"52":{"start":{"line":53,"column":0},"end":{"line":53,"column":57}},"53":{"start":{"line":54,"column":0},"end":{"line":54,"column":71}},"54":{"start":{"line":55,"column":0},"end":{"line":55,"column":27}},"55":{"start":{"line":56,"column":0},"end":{"line":56,"column":31}},"56":{"start":{"line":57,"column":0},"end":{"line":57,"column":81}},"57":{"start":{"line":58,"column":0},"end":{"line":58,"column":0}},"58":{"start":{"line":59,"column":0},"end":{"line":59,"column":15}},"59":{"start":{"line":60,"column":0},"end":{"line":60,"column":13}},"60":{"start":{"line":61,"column":0},"end":{"line":61,"column":18}},"61":{"start":{"line":62,"column":0},"end":{"line":62,"column":29}},"62":{"start":{"line":63,"column":0},"end":{"line":63,"column":20}},"63":{"start":{"line":64,"column":0},"end":{"line":64,"column":7}},"64":{"start":{"line":65,"column":0},"end":{"line":65,"column":0}},"65":{"start":{"line":66,"column":0},"end":{"line":66,"column":27}},"66":{"start":{"line":67,"column":0},"end":{"line":67,"column":5}},"67":{"start":{"line":68,"column":0},"end":{"line":68,"column":0}},"68":{"start":{"line":69,"column":0},"end":{"line":69,"column":28}}},"s":{"0":1,"1":1,"2":1,"3":1,"4":1,"5":1,"6":1,"7":1,"8":1,"9":1,"10":1,"11":1,"12":1,"13":1,"14":4,"15":4,"16":4,"17":4,"18":4,"19":4,"20":4,"21":1,"22":1,"23":4,"24":4,"25":1,"26":1,"27":4,"28":4,"29":1,"30":1,"31":4,"32":4,"33":1,"34":1,"35":1,"36":4,"37":1,"38":1,"39":1,"40":1,"41":1,"42":1,"43":1,"44":1,"45":1,"46":1,"47":1,"48":1,"49":1,"50":1,"51":1,"52":1,"53":1,"54":1,"55":1,"56":1,"57":1,"58":1,"59":1,"60":1,"61":1,"62":1,"63":1,"64":1,"65":1,"66":1,"67":1,"68":1},"branchMap":{"0":{"type":"branch","line":3,"loc":{"start":{"line":3,"column":22},"end":{"line":42,"column":2}},"locations":[{"start":{"line":3,"column":22},"end":{"line":42,"column":2}}]},"1":{"type":"branch","line":14,"loc":{"start":{"line":14,"column":32},"end":{"line":37,"column":3}},"locations":[{"start":{"line":14,"column":32},"end":{"line":37,"column":3}}]},"2":{"type":"branch","line":15,"loc":{"start":{"line":15,"column":50},"end":{"line":15,"column":79}},"locations":[{"start":{"line":15,"column":50},"end":{"line":15,"column":79}}]},"3":{"type":"branch","line":16,"loc":{"start":{"line":16,"column":52},"end":{"line":16,"column":80}},"locations":[{"start":{"line":16,"column":52},"end":{"line":16,"column":80}}]},"4":{"type":"branch","line":17,"loc":{"start":{"line":17,"column":47},"end":{"line":17,"column":75}},"locations":[{"start":{"line":17,"column":47},"end":{"line":17,"column":75}}]},"5":{"type":"branch","line":17,"loc":{"start":{"line":17,"column":75},"end":{"line":17,"column":102}},"locations":[{"start":{"line":17,"column":75},"end":{"line":17,"column":102}}]},"6":{"type":"branch","line":18,"loc":{"start":{"line":18,"column":48},"end":{"line":18,"column":76}},"locations":[{"start":{"line":18,"column":48},"end":{"line":18,"column":76}}]},"7":{"type":"branch","line":18,"loc":{"start":{"line":18,"column":76},"end":{"line":18,"column":103}},"locations":[{"start":{"line":18,"column":76},"end":{"line":18,"column":103}}]},"8":{"type":"branch","line":21,"loc":{"start":{"line":21,"column":23},"end":{"line":23,"column":5}},"locations":[{"start":{"line":21,"column":23},"end":{"line":23,"column":5}}]},"9":{"type":"branch","line":25,"loc":{"start":{"line":25,"column":24},"end":{"line":27,"column":5}},"locations":[{"start":{"line":25,"column":24},"end":{"line":27,"column":5}}]},"10":{"type":"branch","line":29,"loc":{"start":{"line":29,"column":20},"end":{"line":31,"column":5}},"locations":[{"start":{"line":29,"column":20},"end":{"line":31,"column":5}}]},"11":{"type":"branch","line":33,"loc":{"start":{"line":33,"column":21},"end":{"line":36,"column":5}},"locations":[{"start":{"line":33,"column":21},"end":{"line":36,"column":5}}]}},"b":{"0":[1],"1":[4],"2":[3],"3":[1],"4":[3],"5":[2],"6":[3],"7":[2],"8":[1],"9":[1],"10":[1],"11":[1]},"fnMap":{"0":{"name":"getDifference","decl":{"start":{"line":3,"column":22},"end":{"line":42,"column":2}},"loc":{"start":{"line":3,"column":22},"end":{"line":42,"column":2}},"line":3}},"f":{"0":1}}
}
